2019.09.13 04:01:23	1	Начало импорта БД `test`
2019.09.13 04:01:23	1	Файл: service_2019-08-30_21-41-36.sql
2019.09.13 04:01:23	1	Установлена кодировка соединения: `binary`
2019.09.13 04:01:23	1	Импорт таблицы `admin_logs`
2019.09.13 04:01:24	1	Импорт таблицы `billing`
2019.09.13 04:01:24	1	Импорт таблицы `brands`
2019.09.13 04:01:24	1	Импорт таблицы `cats`
2019.09.13 04:01:24	1	Импорт таблицы `cats_users`
2019.09.13 04:01:25	1	Импорт таблицы `cityfull`
2019.09.13 04:01:25	1	Импорт таблицы `clients`
2019.09.13 04:01:25	1	Импорт таблицы `combine`
2019.09.13 04:01:25	1	Импорт таблицы `combine_links`
2019.09.13 04:01:25	1	Импорт таблицы `configuration`
2019.09.13 04:01:25	1	Импорт таблицы `contrahens`
2019.09.13 04:01:25	1	Импорт таблицы `countries`
2019.09.13 04:01:25	1	Импорт таблицы `details_problem`
2019.09.13 04:01:25	1	Импорт таблицы `documents`
2019.09.13 04:01:25	1	Импорт таблицы `feedback_admin`
2019.09.13 04:01:28	1	Импорт таблицы `feedback_messages`
2019.09.13 04:01:31	1	Импорт таблицы `feedback_photos`
2019.09.13 04:01:31	1	Импорт таблицы `feedback_videos`
2019.09.13 04:01:31	1	Импорт таблицы `groups`
2019.09.13 04:01:31	1	Импорт таблицы `issues`
2019.09.13 04:01:31	1	Импорт таблицы `logs`
2019.09.13 04:01:31	1	Импорт таблицы `menu`
2019.09.13 04:01:31	1	Импорт таблицы `models`
2019.09.13 04:01:31	1	Импорт таблицы `models_users`
2019.09.13 04:01:32	1	Импорт таблицы `notification`
2019.09.13 04:01:34	1	Импорт таблицы `pages`
2019.09.13 04:01:34	1	Импорт таблицы `parts`
2019.09.13 04:01:35	1	Импорт таблицы `parts_files`
2019.09.13 04:01:35	1	Импорт таблицы `parts_sc`
2019.09.13 04:01:35	1	Импорт таблицы `parts_sc_log`
2019.09.13 04:01:35	1	Импорт таблицы `pay_billing`
2019.09.13 04:01:36	1	Импорт таблицы `photos`
2019.09.13 04:01:36	1	Импорт таблицы `plans`
2019.09.13 04:01:36	1	Импорт таблицы `prices`
2019.09.13 04:01:36	1	Импорт таблицы `prices_service`
2019.09.13 04:01:37	1	Импорт таблицы `problem_link`
2019.09.13 04:01:37	1	Импорт таблицы `providers`
2019.09.13 04:01:37	1	Импорт таблицы `repair_list`
2019.09.13 04:01:39	1	Импорт таблицы `repair_prices`
2019.09.13 04:01:39	1	Импорт таблицы `repair_type`
2019.09.13 04:01:39	1	Импорт таблицы `repairmans`
2019.09.13 04:01:39	1	Импорт таблицы `repairs`
2019.09.13 04:01:47	1	Импорт таблицы `repairs_parts`
2019.09.13 04:01:47	1	Импорт таблицы `repairs_photo`
2019.09.13 04:01:48	1	Импорт таблицы `requests`
2019.09.13 04:01:49	1	Импорт таблицы `returns`
2019.09.13 04:01:49	1	Импорт таблицы `returns_link`
2019.09.13 04:01:49	1	Импорт таблицы `serials`
